[0.694s] DEBUG:colcon:Command line arguments: ['/usr/bin/colcon', 'build', '--packages-select', 'mpc_controller_pkg']
[0.694s] DEBUG:colcon:Parsed command line arguments: Namespace(log_base=None, log_level=None, verb_name='build', build_base='build', install_base='install', merge_install=False, symlink_install=False, test_result_base=None, continue_on_error=False, executor='parallel', parallel_workers=16, event_handlers=None, ignore_user_meta=False, metas=['./colcon.meta'], base_paths=['.'], packages_ignore=None, packages_ignore_regex=None, paths=None, packages_up_to=None, packages_up_to_regex=None, packages_above=None, packages_above_and_dependencies=None, packages_above_depth=None, packages_select_by_dep=None, packages_skip_by_dep=None, packages_skip_up_to=None, packages_select_build_failed=False, packages_skip_build_finished=False, packages_select_test_failures=False, packages_skip_test_passed=False, packages_select=['mpc_controller_pkg'], packages_skip=None, packages_select_regex=None, packages_skip_regex=None, packages_start=None, packages_end=None, allow_overriding=[], cmake_args=None, cmake_target=None, cmake_target_skip_unavailable=False, cmake_clean_cache=False, cmake_clean_first=False, cmake_force_configure=False, ament_cmake_args=None, catkin_cmake_args=None, catkin_skip_building_tests=False, verb_parser=<colcon_defaults.argument_parser.defaults.DefaultArgumentsDecorator object at 0x7e630ec68c40>, verb_extension=<colcon_core.verb.build.BuildVerb object at 0x7e630ef73b80>, main=<bound method BuildVerb.main of <colcon_core.verb.build.BuildVerb object at 0x7e630ef73b80>>)
[0.732s] Level 1:colcon.colcon_core.package_discovery:discover_packages(colcon_meta) check parameters
[0.732s] Level 1:colcon.colcon_core.package_discovery:discover_packages(recursive) check parameters
[0.732s] Level 1:colcon.colcon_core.package_discovery:discover_packages(ignore) check parameters
[0.732s] Level 1:colcon.colcon_core.package_discovery:discover_packages(path) check parameters
[0.732s] Level 1:colcon.colcon_core.package_discovery:discover_packages(colcon_meta) discover
[0.732s] Level 1:colcon.colcon_core.package_discovery:discover_packages(recursive) discover
[0.732s] INFO:colcon.colcon_core.package_discovery:Crawling recursively for packages in '/home/evan/mpc_ws/src/mpc_controller_pkg'
[0.732s] Level 1:colcon.colcon_core.package_identification:_identify(.) by extensions ['ignore', 'ignore_ament_install']
[0.733s] Level 1:colcon.colcon_core.package_identification:_identify(.) by extension 'ignore'
[0.733s] Level 1:colcon.colcon_core.package_identification:_identify(.) by extension 'ignore_ament_install'
[0.733s] Level 1:colcon.colcon_core.package_identification:_identify(.) by extensions ['colcon_pkg']
[0.733s] Level 1:colcon.colcon_core.package_identification:_identify(.) by extension 'colcon_pkg'
[0.733s] Level 1:colcon.colcon_core.package_identification:_identify(.) by extensions ['colcon_meta']
[0.733s] Level 1:colcon.colcon_core.package_identification:_identify(.) by extension 'colcon_meta'
[0.733s] Level 1:colcon.colcon_core.package_identification:_identify(.) by extensions ['ros']
[0.733s] Level 1:colcon.colcon_core.package_identification:_identify(.) by extension 'ros'
[0.744s] DEBUG:colcon.colcon_core.package_identification:Package '.' with type 'ros.ament_cmake' and name 'mpc_controller_pkg'
[0.744s] Level 1:colcon.colcon_core.package_discovery:discover_packages(recursive) using defaults
[0.744s] Level 1:colcon.colcon_core.package_discovery:discover_packages(ignore) discover
[0.744s] Level 1:colcon.colcon_core.package_discovery:discover_packages(ignore) using defaults
[0.744s] Level 1:colcon.colcon_core.package_discovery:discover_packages(path) discover
[0.744s] Level 1:colcon.colcon_core.package_discovery:discover_packages(path) using defaults
[0.811s] Level 1:colcon.colcon_core.package_discovery:discover_packages(prefix_path) check parameters
[0.811s] Level 1:colcon.colcon_core.package_discovery:discover_packages(prefix_path) discover
[0.834s] DEBUG:colcon.colcon_installed_package_information.package_discovery:Found 2 installed packages in /home/evan/mpc_ws/install
[0.846s] DEBUG:colcon.colcon_installed_package_information.package_discovery:Found 299 installed packages in /opt/ros/humble
[0.847s] Level 1:colcon.colcon_core.package_discovery:discover_packages(prefix_path) using defaults
[0.900s] Level 5:colcon.colcon_core.verb:set package 'mpc_controller_pkg' build argument 'cmake_args' from command line to 'None'
[0.900s] Level 5:colcon.colcon_core.verb:set package 'mpc_controller_pkg' build argument 'cmake_target' from command line to 'None'
[0.900s] Level 5:colcon.colcon_core.verb:set package 'mpc_controller_pkg' build argument 'cmake_target_skip_unavailable' from command line to 'False'
[0.900s] Level 5:colcon.colcon_core.verb:set package 'mpc_controller_pkg' build argument 'cmake_clean_cache' from command line to 'False'
[0.900s] Level 5:colcon.colcon_core.verb:set package 'mpc_controller_pkg' build argument 'cmake_clean_first' from command line to 'False'
[0.900s] Level 5:colcon.colcon_core.verb:set package 'mpc_controller_pkg' build argument 'cmake_force_configure' from command line to 'False'
[0.900s] Level 5:colcon.colcon_core.verb:set package 'mpc_controller_pkg' build argument 'ament_cmake_args' from command line to 'None'
[0.900s] Level 5:colcon.colcon_core.verb:set package 'mpc_controller_pkg' build argument 'catkin_cmake_args' from command line to 'None'
[0.900s] Level 5:colcon.colcon_core.verb:set package 'mpc_controller_pkg' build argument 'catkin_skip_building_tests' from command line to 'False'
[0.900s] DEBUG:colcon.colcon_core.verb:Building package 'mpc_controller_pkg' with the following arguments: {'ament_cmake_args': None, 'build_base': '/home/evan/mpc_ws/src/mpc_controller_pkg/build/mpc_controller_pkg', 'catkin_cmake_args': None, 'catkin_skip_building_tests': False, 'cmake_args': None, 'cmake_clean_cache': False, 'cmake_clean_first': False, 'cmake_force_configure': False, 'cmake_target': None, 'cmake_target_skip_unavailable': False, 'install_base': '/home/evan/mpc_ws/src/mpc_controller_pkg/install/mpc_controller_pkg', 'merge_install': False, 'path': '/home/evan/mpc_ws/src/mpc_controller_pkg', 'symlink_install': False, 'test_result_base': None}
[0.911s] INFO:colcon.colcon_core.executor:Executing jobs using 'parallel' executor
[0.922s] DEBUG:colcon.colcon_parallel_executor.executor.parallel:run_until_complete
[0.923s] INFO:colcon.colcon_ros.task.ament_cmake.build:Building ROS package in '/home/evan/mpc_ws/src/mpc_controller_pkg' with build type 'ament_cmake'
[0.923s] INFO:colcon.colcon_cmake.task.cmake.build:Building CMake package in '/home/evan/mpc_ws/src/mpc_controller_pkg'
[0.944s] INFO:colcon.colcon_core.plugin_system:Skipping extension 'colcon_core.shell.bat': Not used on non-Windows systems
[0.944s] INFO:colcon.colcon_core.shell:Skip shell extension 'powershell' for command environment: Not usable outside of PowerShell
[0.944s] DEBUG:colcon.colcon_core.shell:Skip shell extension 'dsv' for command environment
[0.986s] DEBUG:colcon.colcon_core.event_handler.log_command:Invoking command in '/home/evan/mpc_ws/src/mpc_controller_pkg/build/mpc_controller_pkg': CMAKE_PREFIX_PATH=${CMAKE_PREFIX_PATH}:/opt/ros/humble /usr/bin/cmake /home/evan/mpc_ws/src/mpc_controller_pkg -DCMAKE_INSTALL_PREFIX=/home/evan/mpc_ws/src/mpc_controller_pkg/install/mpc_controller_pkg
[2.511s] DEBUG:colcon.colcon_core.event_handler.log_command:Invoked command in '/home/evan/mpc_ws/src/mpc_controller_pkg/build/mpc_controller_pkg' returned '0': CMAKE_PREFIX_PATH=${CMAKE_PREFIX_PATH}:/opt/ros/humble /usr/bin/cmake /home/evan/mpc_ws/src/mpc_controller_pkg -DCMAKE_INSTALL_PREFIX=/home/evan/mpc_ws/src/mpc_controller_pkg/install/mpc_controller_pkg
[2.514s] DEBUG:colcon.colcon_core.event_handler.log_command:Invoking command in '/home/evan/mpc_ws/src/mpc_controller_pkg/build/mpc_controller_pkg': CMAKE_PREFIX_PATH=${CMAKE_PREFIX_PATH}:/opt/ros/humble /usr/bin/cmake --build /home/evan/mpc_ws/src/mpc_controller_pkg/build/mpc_controller_pkg -- -j16 -l16
[11.204s] DEBUG:colcon.colcon_core.event_handler.log_command:Invoked command in '/home/evan/mpc_ws/src/mpc_controller_pkg/build/mpc_controller_pkg' returned '0': CMAKE_PREFIX_PATH=${CMAKE_PREFIX_PATH}:/opt/ros/humble /usr/bin/cmake --build /home/evan/mpc_ws/src/mpc_controller_pkg/build/mpc_controller_pkg -- -j16 -l16
[11.309s] DEBUG:colcon.colcon_core.event_handler.log_command:Invoking command in '/home/evan/mpc_ws/src/mpc_controller_pkg/build/mpc_controller_pkg': CMAKE_PREFIX_PATH=${CMAKE_PREFIX_PATH}:/opt/ros/humble /usr/bin/cmake --install /home/evan/mpc_ws/src/mpc_controller_pkg/build/mpc_controller_pkg
[11.337s] Level 1:colcon.colcon_core.environment:create_environment_scripts_only(mpc_controller_pkg)
[11.337s] DEBUG:colcon.colcon_core.event_handler.log_command:Invoked command in '/home/evan/mpc_ws/src/mpc_controller_pkg/build/mpc_controller_pkg' returned '0': CMAKE_PREFIX_PATH=${CMAKE_PREFIX_PATH}:/opt/ros/humble /usr/bin/cmake --install /home/evan/mpc_ws/src/mpc_controller_pkg/build/mpc_controller_pkg
[11.352s] Level 1:colcon.colcon_core.environment:checking '/home/evan/mpc_ws/src/mpc_controller_pkg/install/mpc_controller_pkg' for CMake module files
[11.352s] Level 1:colcon.colcon_core.environment:checking '/home/evan/mpc_ws/src/mpc_controller_pkg/install/mpc_controller_pkg' for CMake config files
[11.352s] Level 1:colcon.colcon_core.shell:create_environment_hook('mpc_controller_pkg', 'cmake_prefix_path')
[11.365s] INFO:colcon.colcon_core.shell:Creating environment hook '/home/evan/mpc_ws/src/mpc_controller_pkg/install/mpc_controller_pkg/share/mpc_controller_pkg/hook/cmake_prefix_path.ps1'
[11.366s] INFO:colcon.colcon_core.shell:Creating environment descriptor '/home/evan/mpc_ws/src/mpc_controller_pkg/install/mpc_controller_pkg/share/mpc_controller_pkg/hook/cmake_prefix_path.dsv'
[11.366s] INFO:colcon.colcon_core.shell:Creating environment hook '/home/evan/mpc_ws/src/mpc_controller_pkg/install/mpc_controller_pkg/share/mpc_controller_pkg/hook/cmake_prefix_path.sh'
[11.366s] Level 1:colcon.colcon_core.environment:checking '/home/evan/mpc_ws/src/mpc_controller_pkg/install/mpc_controller_pkg/lib'
[11.367s] Level 1:colcon.colcon_core.environment:checking '/home/evan/mpc_ws/src/mpc_controller_pkg/install/mpc_controller_pkg/bin'
[11.367s] Level 1:colcon.colcon_core.environment:checking '/home/evan/mpc_ws/src/mpc_controller_pkg/install/mpc_controller_pkg/lib/pkgconfig/mpc_controller_pkg.pc'
[11.367s] Level 1:colcon.colcon_core.environment:checking '/home/evan/mpc_ws/src/mpc_controller_pkg/install/mpc_controller_pkg/lib/python3.10/site-packages'
[11.367s] Level 1:colcon.colcon_core.environment:checking '/home/evan/mpc_ws/src/mpc_controller_pkg/install/mpc_controller_pkg/bin'
[11.380s] INFO:colcon.colcon_core.shell:Creating package script '/home/evan/mpc_ws/src/mpc_controller_pkg/install/mpc_controller_pkg/share/mpc_controller_pkg/package.ps1'
[11.380s] INFO:colcon.colcon_core.shell:Creating package descriptor '/home/evan/mpc_ws/src/mpc_controller_pkg/install/mpc_controller_pkg/share/mpc_controller_pkg/package.dsv'
[11.381s] INFO:colcon.colcon_core.shell:Creating package script '/home/evan/mpc_ws/src/mpc_controller_pkg/install/mpc_controller_pkg/share/mpc_controller_pkg/package.sh'
[11.381s] INFO:colcon.colcon_core.shell:Creating package script '/home/evan/mpc_ws/src/mpc_controller_pkg/install/mpc_controller_pkg/share/mpc_controller_pkg/package.bash'
[11.382s] INFO:colcon.colcon_core.shell:Creating package script '/home/evan/mpc_ws/src/mpc_controller_pkg/install/mpc_controller_pkg/share/mpc_controller_pkg/package.zsh'
[11.382s] Level 1:colcon.colcon_core.environment:create_file_with_runtime_dependencies(/home/evan/mpc_ws/src/mpc_controller_pkg/install/mpc_controller_pkg/share/colcon-core/packages/mpc_controller_pkg)
[11.485s] Level 1:colcon.colcon_core.environment:create_environment_scripts_only(mpc_controller_pkg)
[11.496s] Level 1:colcon.colcon_core.environment:checking '/home/evan/mpc_ws/src/mpc_controller_pkg/install/mpc_controller_pkg' for CMake module files
[11.497s] Level 1:colcon.colcon_core.environment:checking '/home/evan/mpc_ws/src/mpc_controller_pkg/install/mpc_controller_pkg' for CMake config files
[11.497s] Level 1:colcon.colcon_core.shell:create_environment_hook('mpc_controller_pkg', 'cmake_prefix_path')
[11.508s] INFO:colcon.colcon_core.shell:Creating environment hook '/home/evan/mpc_ws/src/mpc_controller_pkg/install/mpc_controller_pkg/share/mpc_controller_pkg/hook/cmake_prefix_path.ps1'
[11.508s] INFO:colcon.colcon_core.shell:Creating environment descriptor '/home/evan/mpc_ws/src/mpc_controller_pkg/install/mpc_controller_pkg/share/mpc_controller_pkg/hook/cmake_prefix_path.dsv'
[11.508s] INFO:colcon.colcon_core.shell:Creating environment hook '/home/evan/mpc_ws/src/mpc_controller_pkg/install/mpc_controller_pkg/share/mpc_controller_pkg/hook/cmake_prefix_path.sh'
[11.509s] Level 1:colcon.colcon_core.environment:checking '/home/evan/mpc_ws/src/mpc_controller_pkg/install/mpc_controller_pkg/lib'
[11.509s] Level 1:colcon.colcon_core.environment:checking '/home/evan/mpc_ws/src/mpc_controller_pkg/install/mpc_controller_pkg/bin'
[11.509s] Level 1:colcon.colcon_core.environment:checking '/home/evan/mpc_ws/src/mpc_controller_pkg/install/mpc_controller_pkg/lib/pkgconfig/mpc_controller_pkg.pc'
[11.509s] Level 1:colcon.colcon_core.environment:checking '/home/evan/mpc_ws/src/mpc_controller_pkg/install/mpc_controller_pkg/lib/python3.10/site-packages'
[11.509s] Level 1:colcon.colcon_core.environment:checking '/home/evan/mpc_ws/src/mpc_controller_pkg/install/mpc_controller_pkg/bin'
[11.520s] INFO:colcon.colcon_core.shell:Creating package script '/home/evan/mpc_ws/src/mpc_controller_pkg/install/mpc_controller_pkg/share/mpc_controller_pkg/package.ps1'
[11.520s] INFO:colcon.colcon_core.shell:Creating package descriptor '/home/evan/mpc_ws/src/mpc_controller_pkg/install/mpc_controller_pkg/share/mpc_controller_pkg/package.dsv'
[11.521s] INFO:colcon.colcon_core.shell:Creating package script '/home/evan/mpc_ws/src/mpc_controller_pkg/install/mpc_controller_pkg/share/mpc_controller_pkg/package.sh'
[11.521s] INFO:colcon.colcon_core.shell:Creating package script '/home/evan/mpc_ws/src/mpc_controller_pkg/install/mpc_controller_pkg/share/mpc_controller_pkg/package.bash'
[11.521s] INFO:colcon.colcon_core.shell:Creating package script '/home/evan/mpc_ws/src/mpc_controller_pkg/install/mpc_controller_pkg/share/mpc_controller_pkg/package.zsh'
[11.521s] Level 1:colcon.colcon_core.environment:create_file_with_runtime_dependencies(/home/evan/mpc_ws/src/mpc_controller_pkg/install/mpc_controller_pkg/share/colcon-core/packages/mpc_controller_pkg)
[11.522s] DEBUG:colcon.colcon_parallel_executor.executor.parallel:closing loop
[11.522s] DEBUG:colcon.colcon_parallel_executor.executor.parallel:loop closed
[11.522s] DEBUG:colcon.colcon_parallel_executor.executor.parallel:run_until_complete finished with '0'
[11.522s] DEBUG:colcon.colcon_core.event_reactor:joining thread
[11.558s] INFO:colcon.colcon_core.plugin_system:Skipping extension 'colcon_notification.desktop_notification.terminal_notifier': Not used on non-Darwin systems
[11.558s] INFO:colcon.colcon_core.plugin_system:Skipping extension 'colcon_notification.desktop_notification.win32': Not used on non-Windows systems
[11.558s] INFO:colcon.colcon_notification.desktop_notification:Sending desktop notification using 'notify2'
[11.568s] DEBUG:colcon.colcon_core.event_reactor:joined thread
[11.580s] INFO:colcon.colcon_core.shell:Creating prefix script '/home/evan/mpc_ws/src/mpc_controller_pkg/install/local_setup.ps1'
[11.581s] INFO:colcon.colcon_core.shell:Creating prefix util module '/home/evan/mpc_ws/src/mpc_controller_pkg/install/_local_setup_util_ps1.py'
[11.581s] INFO:colcon.colcon_core.shell:Creating prefix chain script '/home/evan/mpc_ws/src/mpc_controller_pkg/install/setup.ps1'
[11.593s] INFO:colcon.colcon_core.shell:Creating prefix script '/home/evan/mpc_ws/src/mpc_controller_pkg/install/local_setup.sh'
[11.594s] INFO:colcon.colcon_core.shell:Creating prefix util module '/home/evan/mpc_ws/src/mpc_controller_pkg/install/_local_setup_util_sh.py'
[11.594s] INFO:colcon.colcon_core.shell:Creating prefix chain script '/home/evan/mpc_ws/src/mpc_controller_pkg/install/setup.sh'
[11.607s] INFO:colcon.colcon_core.shell:Creating prefix script '/home/evan/mpc_ws/src/mpc_controller_pkg/install/local_setup.bash'
[11.607s] INFO:colcon.colcon_core.shell:Creating prefix chain script '/home/evan/mpc_ws/src/mpc_controller_pkg/install/setup.bash'
[11.619s] INFO:colcon.colcon_core.shell:Creating prefix script '/home/evan/mpc_ws/src/mpc_controller_pkg/install/local_setup.zsh'
[11.620s] INFO:colcon.colcon_core.shell:Creating prefix chain script '/home/evan/mpc_ws/src/mpc_controller_pkg/install/setup.zsh'
